2021-11-11 16:08:41 DEBUG InternalLoggerFactory:89 - Using Log4J as the default logging framework
2021-11-11 16:08:41 DEBUG ResourceLeakDetector:129 - -Dio.netty.leakDetection.level: sımple
2021-11-11 16:08:41 DEBUG ResourceLeakDetector:130 - -Dio.netty.leakDetection.targetRecords: 4
2021-11-11 16:08:41 DEBUG ResourceLeakDetectorFactory:196 - Loaded default ResourceLeakDetector: io.netty.util.ResourceLeakDetector@37918c79
2021-11-11 16:08:41 DEBUG PlatformDependent0:460 - -Dio.netty.noUnsafe: false
2021-11-11 16:08:41 DEBUG PlatformDependent0:954 - Java version: 17
2021-11-11 16:08:41 DEBUG PlatformDependent0:135 - sun.misc.Unsafe.theUnsafe: available
2021-11-11 16:08:41 DEBUG PlatformDependent0:159 - sun.misc.Unsafe.copyMemory: available
2021-11-11 16:08:41 DEBUG PlatformDependent0:202 - java.nio.Buffer.address: available
2021-11-11 16:08:41 DEBUG PlatformDependent0:282 - direct buffer constructor: unavailable
java.lang.UnsupportedOperationException: Reflective setAccessible(true) disabled
	at io.netty.util.internal.ReflectionUtil.trySetAccessible(ReflectionUtil.java:31)
	at io.netty.util.internal.PlatformDependent0$4.run(PlatformDependent0.java:253)
	at java.base/java.security.AccessController.doPrivileged(AccessController.java:318)
	at io.netty.util.internal.PlatformDependent0.<clinit>(PlatformDependent0.java:247)
	at io.netty.util.internal.PlatformDependent.isAndroid(PlatformDependent.java:294)
	at io.netty.util.internal.PlatformDependent.<clinit>(PlatformDependent.java:88)
	at io.netty.util.HashedWheelTimer.<init>(HashedWheelTimer.java:112)
	at io.netty.util.HashedWheelTimer.<init>(HashedWheelTimer.java:221)
	at io.netty.util.HashedWheelTimer.<init>(HashedWheelTimer.java:200)
	at org.asynchttpclient.DefaultAsyncHttpClient.newNettyTimer(DefaultAsyncHttpClient.java:111)
	at org.asynchttpclient.DefaultAsyncHttpClient.<init>(DefaultAsyncHttpClient.java:90)
	at org.asynchttpclient.Dsl.asyncHttpClient(Dsl.java:32)
	at org.openqa.selenium.remote.http.netty.NettyClient.createHttpClient(NettyClient.java:114)
	at org.openqa.selenium.remote.http.netty.NettyClient.<clinit>(NettyClient.java:57)
	at org.openqa.selenium.remote.http.netty.NettyClient$Factory.createClient(NettyClient.java:163)
	at org.openqa.selenium.remote.HttpCommandExecutor.<init>(HttpCommandExecutor.java:107)
	at org.openqa.selenium.remote.HttpCommandExecutor.<init>(HttpCommandExecutor.java:94)
	at org.openqa.selenium.remote.HttpCommandExecutor.<init>(HttpCommandExecutor.java:85)
	at org.openqa.selenium.remote.service.DriverCommandExecutor.<init>(DriverCommandExecutor.java:77)
	at org.openqa.selenium.chromium.ChromiumDriverCommandExecutor.<init>(ChromiumDriverCommandExecutor.java:35)
	at org.openqa.selenium.edge.EdgeDriver$EdgeDriverCommandExecutor.<init>(EdgeDriver.java:61)
	at org.openqa.selenium.edge.EdgeDriver.<init>(EdgeDriver.java:49)
	at org.openqa.selenium.edge.EdgeDriver.<init>(EdgeDriver.java:41)
	at base.BaseTest.setUp(BaseTest.java:22)
	at java.base/jdk.internal.reflect.NativeMethodAccessorImpl.invoke0(Native Method)
	at java.base/jdk.internal.reflect.NativeMethodAccessorImpl.invoke(NativeMethodAccessorImpl.java:77)
	at java.base/jdk.internal.reflect.DelegatingMethodAccessorImpl.invoke(DelegatingMethodAccessorImpl.java:43)
	at java.base/java.lang.reflect.Method.invoke(Method.java:568)
	at org.junit.runners.model.FrameworkMethod$1.runReflectiveCall(FrameworkMethod.java:50)
	at org.junit.internal.runners.model.ReflectiveCallable.run(ReflectiveCallable.java:12)
	at org.junit.runners.model.FrameworkMethod.invokeExplosively(FrameworkMethod.java:47)
	at org.junit.internal.runners.statements.RunBefores.evaluate(RunBefores.java:24)
	at org.junit.internal.runners.statements.RunAfters.evaluate(RunAfters.java:27)
	at org.junit.runners.ParentRunner.runLeaf(ParentRunner.java:325)
	at org.junit.runners.BlockJUnit4ClassRunner.runChild(BlockJUnit4ClassRunner.java:78)
	at org.junit.runners.BlockJUnit4ClassRunner.runChild(BlockJUnit4ClassRunner.java:57)
	at org.junit.runners.ParentRunner$3.run(ParentRunner.java:290)
	at org.junit.runners.ParentRunner$1.schedule(ParentRunner.java:71)
	at org.junit.runners.ParentRunner.runChildren(ParentRunner.java:288)
	at org.junit.runners.ParentRunner.access$000(ParentRunner.java:58)
	at org.junit.runners.ParentRunner$2.evaluate(ParentRunner.java:268)
	at org.junit.runners.ParentRunner.run(ParentRunner.java:363)
	at org.junit.runner.JUnitCore.run(JUnitCore.java:137)
	at com.intellij.junit4.JUnit4IdeaTestRunner.startRunnerWithArgs(JUnit4IdeaTestRunner.java:69)
	at com.intellij.rt.junit.IdeaTestRunner$Repeater.startRunnerWithArgs(IdeaTestRunner.java:33)
	at com.intellij.rt.junit.JUnitStarter.prepareStreamsAndStart(JUnitStarter.java:235)
	at com.intellij.rt.junit.JUnitStarter.main(JUnitStarter.java:54)
2021-11-11 16:08:41 DEBUG PlatformDependent0:350 - java.nio.Bits.unaligned: available, true
2021-11-11 16:08:41 DEBUG PlatformDependent0:414 - jdk.internal.misc.Unsafe.allocateUninitializedArray(int): unavailable
java.lang.IllegalAccessException: class io.netty.util.internal.PlatformDependent0$6 cannot access class jdk.internal.misc.Unsafe (in module java.base) because module java.base does not export jdk.internal.misc to unnamed module @52d455b8
	at java.base/jdk.internal.reflect.Reflection.newIllegalAccessException(Reflection.java:392)
	at java.base/java.lang.reflect.AccessibleObject.checkAccess(AccessibleObject.java:674)
	at java.base/java.lang.reflect.Method.invoke(Method.java:560)
	at io.netty.util.internal.PlatformDependent0$6.run(PlatformDependent0.java:375)
	at java.base/java.security.AccessController.doPrivileged(AccessController.java:318)
	at io.netty.util.internal.PlatformDependent0.<clinit>(PlatformDependent0.java:366)
	at io.netty.util.internal.PlatformDependent.isAndroid(PlatformDependent.java:294)
	at io.netty.util.internal.PlatformDependent.<clinit>(PlatformDependent.java:88)
	at io.netty.util.HashedWheelTimer.<init>(HashedWheelTimer.java:112)
	at io.netty.util.HashedWheelTimer.<init>(HashedWheelTimer.java:221)
	at io.netty.util.HashedWheelTimer.<init>(HashedWheelTimer.java:200)
	at org.asynchttpclient.DefaultAsyncHttpClient.newNettyTimer(DefaultAsyncHttpClient.java:111)
	at org.asynchttpclient.DefaultAsyncHttpClient.<init>(DefaultAsyncHttpClient.java:90)
	at org.asynchttpclient.Dsl.asyncHttpClient(Dsl.java:32)
	at org.openqa.selenium.remote.http.netty.NettyClient.createHttpClient(NettyClient.java:114)
	at org.openqa.selenium.remote.http.netty.NettyClient.<clinit>(NettyClient.java:57)
	at org.openqa.selenium.remote.http.netty.NettyClient$Factory.createClient(NettyClient.java:163)
	at org.openqa.selenium.remote.HttpCommandExecutor.<init>(HttpCommandExecutor.java:107)
	at org.openqa.selenium.remote.HttpCommandExecutor.<init>(HttpCommandExecutor.java:94)
	at org.openqa.selenium.remote.HttpCommandExecutor.<init>(HttpCommandExecutor.java:85)
	at org.openqa.selenium.remote.service.DriverCommandExecutor.<init>(DriverCommandExecutor.java:77)
	at org.openqa.selenium.chromium.ChromiumDriverCommandExecutor.<init>(ChromiumDriverCommandExecutor.java:35)
	at org.openqa.selenium.edge.EdgeDriver$EdgeDriverCommandExecutor.<init>(EdgeDriver.java:61)
	at org.openqa.selenium.edge.EdgeDriver.<init>(EdgeDriver.java:49)
	at org.openqa.selenium.edge.EdgeDriver.<init>(EdgeDriver.java:41)
	at base.BaseTest.setUp(BaseTest.java:22)
	at java.base/jdk.internal.reflect.NativeMethodAccessorImpl.invoke0(Native Method)
	at java.base/jdk.internal.reflect.NativeMethodAccessorImpl.invoke(NativeMethodAccessorImpl.java:77)
	at java.base/jdk.internal.reflect.DelegatingMethodAccessorImpl.invoke(DelegatingMethodAccessorImpl.java:43)
	at java.base/java.lang.reflect.Method.invoke(Method.java:568)
	at org.junit.runners.model.FrameworkMethod$1.runReflectiveCall(FrameworkMethod.java:50)
	at org.junit.internal.runners.model.ReflectiveCallable.run(ReflectiveCallable.java:12)
	at org.junit.runners.model.FrameworkMethod.invokeExplosively(FrameworkMethod.java:47)
	at org.junit.internal.runners.statements.RunBefores.evaluate(RunBefores.java:24)
	at org.junit.internal.runners.statements.RunAfters.evaluate(RunAfters.java:27)
	at org.junit.runners.ParentRunner.runLeaf(ParentRunner.java:325)
	at org.junit.runners.BlockJUnit4ClassRunner.runChild(BlockJUnit4ClassRunner.java:78)
	at org.junit.runners.BlockJUnit4ClassRunner.runChild(BlockJUnit4ClassRunner.java:57)
	at org.junit.runners.ParentRunner$3.run(ParentRunner.java:290)
	at org.junit.runners.ParentRunner$1.schedule(ParentRunner.java:71)
	at org.junit.runners.ParentRunner.runChildren(ParentRunner.java:288)
	at org.junit.runners.ParentRunner.access$000(ParentRunner.java:58)
	at org.junit.runners.ParentRunner$2.evaluate(ParentRunner.java:268)
	at org.junit.runners.ParentRunner.run(ParentRunner.java:363)
	at org.junit.runner.JUnitCore.run(JUnitCore.java:137)
	at com.intellij.junit4.JUnit4IdeaTestRunner.startRunnerWithArgs(JUnit4IdeaTestRunner.java:69)
	at com.intellij.rt.junit.IdeaTestRunner$Repeater.startRunnerWithArgs(IdeaTestRunner.java:33)
	at com.intellij.rt.junit.JUnitStarter.prepareStreamsAndStart(JUnitStarter.java:235)
	at com.intellij.rt.junit.JUnitStarter.main(JUnitStarter.java:54)
2021-11-11 16:08:41 DEBUG PlatformDependent0:446 - java.nio.DirectByteBuffer.<init>(long, int): unavailable
2021-11-11 16:08:41 DEBUG PlatformDependent:1103 - sun.misc.Unsafe: available
2021-11-11 16:08:41 DEBUG PlatformDependent:1205 - maxDirectMemory: 4265607168 bytes (maybe)
2021-11-11 16:08:41 DEBUG PlatformDependent:1224 - -Dio.netty.tmpdir: C:\Users\future\AppData\Local\Temp (java.io.tmpdir)
2021-11-11 16:08:41 DEBUG PlatformDependent:1303 - -Dio.netty.bitMode: 64 (sun.arch.data.model)
2021-11-11 16:08:41 DEBUG PlatformDependent:1063 - Platform: Windows
2021-11-11 16:08:41 DEBUG PlatformDependent:178 - -Dio.netty.maxDirectMemory: -1 bytes
2021-11-11 16:08:41 DEBUG PlatformDependent:185 - -Dio.netty.uninitializedArrayAllocationThreshold: -1
2021-11-11 16:08:41 DEBUG CleanerJava9:71 - java.nio.ByteBuffer.cleaner(): available
2021-11-11 16:08:41 DEBUG PlatformDependent:205 - -Dio.netty.noPreferDirect: false
2021-11-11 16:08:41 DEBUG PlatformDependent:967 - org.jctools-core.MpscChunkedArrayQueue: available
2021-11-11 16:08:42 DEBUG InternalThreadLocalMap:83 - -Dio.netty.threadLocalMap.stringBuilder.initialSize: 1024
2021-11-11 16:08:42 DEBUG InternalThreadLocalMap:86 - -Dio.netty.threadLocalMap.stringBuilder.maxSize: 4096
2021-11-11 16:08:43 DEBUG JdkSslContext:97 - Default protocols (JDK): [TLSv1.3, TLSv1.2] 
2021-11-11 16:08:43 DEBUG JdkSslContext:98 - Default cipher suites (JDK): [TLS_ECDHE_ECDSA_WITH_AES_256_GCM_SHA384, TLS_ECDHE_ECDSA_WITH_AES_128_GCM_SHA256, TLS_ECDHE_RSA_WITH_AES_128_GCM_SHA256, TLS_ECDHE_RSA_WITH_AES_256_GCM_SHA384, TLS_ECDHE_RSA_WITH_AES_128_CBC_SHA, TLS_ECDHE_RSA_WITH_AES_256_CBC_SHA, TLS_RSA_WITH_AES_128_GCM_SHA256, TLS_RSA_WITH_AES_128_CBC_SHA, TLS_RSA_WITH_AES_256_CBC_SHA, TLS_AES_128_GCM_SHA256, TLS_AES_256_GCM_SHA384]
2021-11-11 16:08:43 DEBUG MultithreadEventLoopGroup:44 - -Dio.netty.eventLoopThreads: 16
2021-11-11 16:08:43 DEBUG NioEventLoop:106 - -Dio.netty.noKeySetOptimization: false
2021-11-11 16:08:43 DEBUG NioEventLoop:107 - -Dio.netty.selectorAutoRebuildThreshold: 512
2021-11-11 16:08:43 TRACE NioEventLoop:260 - instrumented a special java.util.Set into: sun.nio.ch.WEPollSelectorImpl@1b919693
2021-11-11 16:08:43 TRACE NioEventLoop:260 - instrumented a special java.util.Set into: sun.nio.ch.WEPollSelectorImpl@2584b82d
2021-11-11 16:08:43 TRACE NioEventLoop:260 - instrumented a special java.util.Set into: sun.nio.ch.WEPollSelectorImpl@7bbc8656
2021-11-11 16:08:43 TRACE NioEventLoop:260 - instrumented a special java.util.Set into: sun.nio.ch.WEPollSelectorImpl@6933b6c6
2021-11-11 16:08:43 TRACE NioEventLoop:260 - instrumented a special java.util.Set into: sun.nio.ch.WEPollSelectorImpl@7d3e8655
2021-11-11 16:08:43 TRACE NioEventLoop:260 - instrumented a special java.util.Set into: sun.nio.ch.WEPollSelectorImpl@7dfb0c0f
2021-11-11 16:08:43 TRACE NioEventLoop:260 - instrumented a special java.util.Set into: sun.nio.ch.WEPollSelectorImpl@626abbd0
2021-11-11 16:08:43 TRACE NioEventLoop:260 - instrumented a special java.util.Set into: sun.nio.ch.WEPollSelectorImpl@169bb4dd
2021-11-11 16:08:43 TRACE NioEventLoop:260 - instrumented a special java.util.Set into: sun.nio.ch.WEPollSelectorImpl@1f9e9475
2021-11-11 16:08:43 TRACE NioEventLoop:260 - instrumented a special java.util.Set into: sun.nio.ch.WEPollSelectorImpl@3aa078fd
2021-11-11 16:08:43 TRACE NioEventLoop:260 - instrumented a special java.util.Set into: sun.nio.ch.WEPollSelectorImpl@d23e042
2021-11-11 16:08:43 TRACE NioEventLoop:260 - instrumented a special java.util.Set into: sun.nio.ch.WEPollSelectorImpl@46d59067
2021-11-11 16:08:43 TRACE NioEventLoop:260 - instrumented a special java.util.Set into: sun.nio.ch.WEPollSelectorImpl@2d0399f4
2021-11-11 16:08:43 TRACE NioEventLoop:260 - instrumented a special java.util.Set into: sun.nio.ch.WEPollSelectorImpl@14dd7b39
2021-11-11 16:08:43 TRACE NioEventLoop:260 - instrumented a special java.util.Set into: sun.nio.ch.WEPollSelectorImpl@66ea810
2021-11-11 16:08:43 TRACE NioEventLoop:260 - instrumented a special java.util.Set into: sun.nio.ch.WEPollSelectorImpl@6cd24612
2021-11-11 16:08:43 DEBUG PooledByteBufAllocator:155 - -Dio.netty.allocator.numHeapArenas: 16
2021-11-11 16:08:43 DEBUG PooledByteBufAllocator:156 - -Dio.netty.allocator.numDirectArenas: 16
2021-11-11 16:08:43 DEBUG PooledByteBufAllocator:158 - -Dio.netty.allocator.pageSize: 8192
2021-11-11 16:08:43 DEBUG PooledByteBufAllocator:163 - -Dio.netty.allocator.maxOrder: 11
2021-11-11 16:08:43 DEBUG PooledByteBufAllocator:167 - -Dio.netty.allocator.chunkSize: 16777216
2021-11-11 16:08:43 DEBUG PooledByteBufAllocator:168 - -Dio.netty.allocator.smallCacheSize: 256
2021-11-11 16:08:43 DEBUG PooledByteBufAllocator:169 - -Dio.netty.allocator.normalCacheSize: 64
2021-11-11 16:08:43 DEBUG PooledByteBufAllocator:170 - -Dio.netty.allocator.maxCachedBufferCapacity: 32768
2021-11-11 16:08:43 DEBUG PooledByteBufAllocator:171 - -Dio.netty.allocator.cacheTrimInterval: 8192
2021-11-11 16:08:43 DEBUG PooledByteBufAllocator:172 - -Dio.netty.allocator.cacheTrimIntervalMillis: 0
2021-11-11 16:08:43 DEBUG PooledByteBufAllocator:173 - -Dio.netty.allocator.useCacheForAllThreads: true
2021-11-11 16:08:43 DEBUG PooledByteBufAllocator:174 - -Dio.netty.allocator.maxCachedByteBuffersPerChunk: 1023
2021-11-11 16:08:43 DEBUG ByteBufUtil:87 - -Dio.netty.allocator.type: pooled
2021-11-11 16:08:43 DEBUG ByteBufUtil:96 - -Dio.netty.threadLocalDirectBufferSize: 0
2021-11-11 16:08:43 DEBUG ByteBufUtil:99 - -Dio.netty.maxThreadLocalCharBufferSize: 16384
2021-11-11 16:08:47 DEBUG DefaultChannelId:79 - -Dio.netty.processId: 29840 (auto-detected)
2021-11-11 16:08:47 DEBUG NetUtil:135 - -Djava.net.preferIPv4Stack: false
2021-11-11 16:08:47 DEBUG NetUtil:136 - -Djava.net.preferIPv6Addresses: false
2021-11-11 16:08:47 DEBUG NetUtilInitializations:129 - Loopback interface: lo (Software Loopback Interface 1, 127.0.0.1)
2021-11-11 16:08:47 DEBUG NetUtil:187 - Failed to get SOMAXCONN from sysctl and file \proc\sys\net\core\somaxconn. Default: 200
2021-11-11 16:08:47 DEBUG DefaultChannelId:101 - -Dio.netty.machineId: 44:03:2c:ff:fe:86:f4:f2 (auto-detected)
2021-11-11 16:08:47 DEBUG AbstractByteBuf:63 - -Dio.netty.buffer.checkAccessible: true
2021-11-11 16:08:47 DEBUG AbstractByteBuf:64 - -Dio.netty.buffer.checkBounds: true
2021-11-11 16:08:47 DEBUG ResourceLeakDetectorFactory:196 - Loaded default ResourceLeakDetector: io.netty.util.ResourceLeakDetector@7ce00b09
2021-11-11 16:08:47 DEBUG Recycler:103 - -Dio.netty.recycler.maxCapacityPerThread: 4096
2021-11-11 16:08:47 DEBUG Recycler:104 - -Dio.netty.recycler.maxSharedCapacityFactor: 2
2021-11-11 16:08:47 DEBUG Recycler:105 - -Dio.netty.recycler.linkCapacity: 16
2021-11-11 16:08:47 DEBUG Recycler:106 - -Dio.netty.recycler.ratio: 8
2021-11-11 16:08:47 DEBUG Recycler:107 - -Dio.netty.recycler.delayedQueue.ratio: 8
2021-11-11 16:08:49 DEBUG Brotli:38 - brotli4j not in the classpath; Brotli support will be unavailable.
2021-11-11 16:08:50 DEBUG ThreadLocalRandom:214 - -Dio.netty.initialSeedUniquifier: 0x6a87aaf4f9c0ba05
2021-11-11 16:08:57 INFO  LoginPageTest:20 - Yönlendirilen Sayfa : https://www.lcwaikiki.com/tr-TR/TR
2021-11-11 16:09:38 INFO  LoginPageTest:28 - 59,99 TL
2021-11-11 16:09:47 INFO  LoginPageTest:31 - 59,99 TL
2021-11-11 16:09:47 INFO  LoginPageTest:34 - Fiyatlar Aynı
2021-11-11 16:09:53 INFO  LoginPageTest:48 - Sepet Adet: Sepetim (2 Ürün)
2021-11-11 16:09:53 INFO  LoginPageTest:51 - Sepette 2 adet ürün bulunuyor
2021-11-11 16:10:05 INFO  LoginPageTest:59 - Sepetinizde ürün bulunmamaktadır.
2021-11-11 16:10:05 TRACE WebSocket08FrameEncoder:131 - Encoding WebSocket Frame opCode=8 length=26
2021-11-11 16:10:05 INFO  LoginPageTest:74 - Yuşa Turan
2021-11-11 16:10:05 DEBUG PoolThreadCache:224 - Freed 2 thread-local buffer(s) from thread: AsyncHttpClient-1-3
